DEBUG REPORT GENERATION 2025-12-23 17:10:50
--------------------------------------------------
DB EMPLOYEES:

DEVICE USERS (Count: 0):
No users found on device or connection failed during user fetch.

ATTENDANCE RAW COUNT: 25002
RAW LOG: ID=5 | Time=2024-02-06 13:09:55 | State=1
RAW LOG: ID=5 | Time=2024-02-06 15:01:01 | State=1
RAW LOG: ID=5 | Time=2024-02-09 13:11:58 | State=1
RAW LOG: ID=5 | Time=2024-02-10 18:09:08 | State=1
RAW LOG: ID=5 | Time=2024-02-12 08:51:55 | State=1
RAW LOG: ID=5 | Time=2024-02-13 18:06:48 | State=1
RAW LOG: ID=5 | Time=2024-02-15 18:05:59 | State=1
RAW LOG: ID=5 | Time=2024-02-17 13:35:15 | State=1
RAW LOG: ID=5 | Time=2024-02-20 13:10:53 | State=1
RAW LOG: ID=5 | Time=2024-02-21 18:11:41 | State=1
RAW LOG: ID=5 | Time=2024-02-22 08:47:47 | State=1
RAW LOG: ID=5 | Time=2024-02-23 15:05:22 | State=1
RAW LOG: ID=5 | Time=2024-02-27 13:08:07 | State=1
RAW LOG: ID=5 | Time=2024-02-29 08:52:56 | State=1
RAW LOG: ID=5 | Time=2024-03-02 08:50:49 | State=1
RAW LOG: ID=5 | Time=2024-03-04 15:03:10 | State=1
RAW LOG: ID=5 | Time=2024-03-04 18:08:54 | State=1
RAW LOG: ID=5 | Time=2024-03-06 13:10:15 | State=1
RAW LOG: ID=5 | Time=2024-03-06 15:19:18 | State=1
RAW LOG: ID=5 | Time=2024-03-12 18:12:50 | State=1
RAW LOG: ID=5 | Time=2024-03-13 13:40:25 | State=1
RAW LOG: ID=5 | Time=2024-03-13 18:15:15 | State=1
RAW LOG: ID=5 | Time=2024-03-22 14:02:37 | State=1
RAW LOG: ID=5 | Time=2024-03-23 14:02:13 | State=1
RAW LOG: ID=5 | Time=2024-03-23 19:52:29 | State=1
RAW LOG: ID=5 | Time=2024-04-02 18:10:49 | State=1
RAW LOG: ID=5 | Time=2024-04-03 13:59:30 | State=1
RAW LOG: ID=5 | Time=2024-04-03 18:15:55 | State=1
RAW LOG: ID=5 | Time=2024-04-04 14:07:22 | State=1
RAW LOG: ID=5 | Time=2024-04-16 13:10:56 | State=1
RAW LOG: ID=5 | Time=2024-04-16 15:10:58 | State=1
RAW LOG: ID=5 | Time=2024-04-16 18:20:47 | State=1
RAW LOG: ID=5 | Time=2024-04-19 08:39:27 | State=1
RAW LOG: ID=5 | Time=2024-04-22 13:11:20 | State=1
RAW LOG: ID=5 | Time=2024-04-25 09:09:46 | State=1
RAW LOG: ID=5 | Time=2024-04-25 13:08:19 | State=1
RAW LOG: ID=5 | Time=2024-04-27 09:08:57 | State=1
RAW LOG: ID=5 | Time=2024-04-27 13:08:13 | State=1
RAW LOG: ID=5 | Time=2024-04-30 13:13:02 | State=1
RAW LOG: ID=5 | Time=2024-05-03 08:38:29 | State=1
RAW LOG: ID=5 | Time=2024-05-03 12:44:31 | State=1
RAW LOG: ID=132 | Time=2000-01-01 00:00:00 | State=0
RAW LOG: ID=132 | Time=2025-11-07 09:59:50 | State=0
RAW LOG: ID=132 | Time=2025-11-15 14:48:40 | State=1
RAW LOG: ID=132 | Time=2025-11-18 14:48:17 | State=1
RAW LOG: ID=132 | Time=2025-11-18 17:57:14 | State=1
RAW LOG: ID=132 | Time=2025-11-24 14:23:23 | State=1
RAW LOG: ID=132 | Time=2025-11-26 17:19:08 | State=1
RAW LOG: ID=132 | Time=2025-12-04 14:34:14 | State=1
RAW LOG: ID=132 | Time=2025-12-06 14:10:40 | State=1
RAW LOG: ID=132 | Time=2025-12-06 16:11:17 | State=1
RAW LOG: ID=132 | Time=2025-12-10 14:06:29 | State=1
RAW LOG: ID=132 | Time=2025-12-12 17:19:43 | State=1
RAW LOG: ID=132 | Time=2025-12-16 14:19:29 | State=1
RAW LOG: ID=132 | Time=2025-12-18 14:15:47 | State=1
RAW LOG: ID=132 | Time=2025-12-18 17:17:58 | State=1
RAW LOG: ID=132 | Time=2025-12-20 17:16:06 | State=1

PROCESSING GROUPED DATA:
Unknown ID Found: 130 (Int: 130)
Unknown ID Found: 130 (Int: 130)
Unknown ID Found: 6 (Int: 6)
Unknown ID Found: 6 (Int: 6)
Unknown ID Found: 6 (Int: 6)
Unknown ID Found: 6 (Int: 6)
Unknown ID Found: 129 (Int: 129)
Unknown ID Found: 129 (Int: 129)
Unknown ID Found: 129 (Int: 129)
Unknown ID Found: 129 (Int: 129)
Unknown ID Found: 55 (Int: 55)
Unknown ID Found: 55 (Int: 55)
Unknown ID Found: 55 (Int: 55)
Unknown ID Found: 55 (Int: 55)
Unknown ID Found: 55 (Int: 55)
Unknown ID Found: 134 (Int: 134)
Unknown ID Found: 134 (Int: 134)
Unknown ID Found: 134 (Int: 134)
Unknown ID Found: 123 (Int: 123)
Unknown ID Found: 123 (Int: 123)
Unknown ID Found: 123 (Int: 123)
Unknown ID Found: 123 (Int: 123)
Unknown ID Found: 131 (Int: 131)
Unknown ID Found: 131 (Int: 131)
Unknown ID Found: 131 (Int: 131)
Unknown ID Found: 126 (Int: 126)
Unknown ID Found: 126 (Int: 126)
Unknown ID Found: 64 (Int: 64)
Unknown ID Found: 64 (Int: 64)
Unknown ID Found: 64 (Int: 64)
Unknown ID Found: 64 (Int: 64)
Unknown ID Found: 100 (Int: 100)
Unknown ID Found: 100 (Int: 100)
Unknown ID Found: 100 (Int: 100)
Unknown ID Found: 100 (Int: 100)
Unknown ID Found: 100 (Int: 100)
Unknown ID Found: 8 (Int: 8)
Unknown ID Found: 8 (Int: 8)
Unknown ID Found: 8 (Int: 8)
Unknown ID Found: 8 (Int: 8)
Unknown ID Found: 8 (Int: 8)
Unknown ID Found: 133 (Int: 133)
Unknown ID Found: 133 (Int: 133)
Unknown ID Found: 133 (Int: 133)
Unknown ID Found: 132 (Int: 132)
Unknown ID Found: 132 (Int: 132)
Unknown ID Found: 132 (Int: 132)
Unknown ID Found: 132 (Int: 132)
Unknown ID Found: 132 (Int: 132)
Unknown ID Found: 32 (Int: 32)
Unknown ID Found: 32 (Int: 32)
Unknown ID Found: 32 (Int: 32)
Unknown ID Found: 32 (Int: 32)
Unknown ID Found: 32 (Int: 32)
Unknown ID Found: 3 (Int: 3)
Unknown ID Found: 3 (Int: 3)
Unknown ID Found: 128 (Int: 128)
Unknown ID Found: 128 (Int: 128)
Unknown ID Found: 128 (Int: 128)
Unknown ID Found: 128 (Int: 128)
Unknown ID Found: 128 (Int: 128)
Unknown ID Found: 13 (Int: 13)
Unknown ID Found: 13 (Int: 13)
Unknown ID Found: 13 (Int: 13)
Unknown ID Found: 114 (Int: 114)
Unknown ID Found: 114 (Int: 114)
Unknown ID Found: 114 (Int: 114)
Unknown ID Found: 114 (Int: 114)
Unknown ID Found: 83 (Int: 83)
Unknown ID Found: 83 (Int: 83)
Unknown ID Found: 127 (Int: 127)
Unknown ID Found: 127 (Int: 127)
Unknown ID Found: 127 (Int: 127)
Unknown ID Found: 137 (Int: 137)
Unknown ID Found: 137 (Int: 137)
Unknown ID Found: 137 (Int: 137)
Unknown ID Found: 120 (Int: 120)
Unknown ID Found: 120 (Int: 120)
Unknown ID Found: 92 (Int: 92)
Unknown ID Found: 69 (Int: 69)
Unknown ID Found: 69 (Int: 69)
Unknown ID Found: 69 (Int: 69)
Unknown ID Found: 69 (Int: 69)
Unknown ID Found: 113 (Int: 113)
Unknown ID Found: 135 (Int: 135)
Unknown ID Found: 135 (Int: 135)
Unknown ID Found: 138 (Int: 138)
Unknown ID Found: 138 (Int: 138)
Unknown ID Found: 108 (Int: 108)
Unknown ID Found: 91 (Int: 91)
Unknown ID Found: 91 (Int: 91)
Unknown ID Found: 91 (Int: 91)
Unknown ID Found: 125 (Int: 125)
Unknown ID Found: 125 (Int: 125)
Unknown ID Found: 125 (Int: 125)
Unknown ID Found: 99 (Int: 99)
Unknown ID Found: 98 (Int: 98)
Unknown ID Found: 122 (Int: 122)
Unknown ID Found: 122 (Int: 122)
Unknown ID Found: 122 (Int: 122)
Unknown ID Found: 110 (Int: 110)
Unknown ID Found: 109 (Int: 109)
