2025-12-20 13:12:23 - Settings page accessed
Getting setting info...
Getting company info...
Building data array...
2025-12-20 13:12:28 - Settings page accessed
Getting setting info...
Getting company info...
Building data array...
2025-12-20 13:13:23 - Settings page accessed
Getting setting info...
Getting company info...
Building data array...
2025-12-20 13:15:30 - Settings page accessed
Getting setting info...
Getting company info...
Building data array...
2025-12-20 13:17:41 - Settings page accessed
Getting setting info...
Getting company info...
Building data array...
2025-12-20 13:18:40 - Settings page accessed
Getting setting info...
Getting company info...
Building data array...
2025-12-20 15:08:39 - Settings page accessed
Getting setting info...
Getting company info...
Building data array...
2025-12-20 15:08:42 - Settings page accessed
Getting setting info...
Getting company info...
Building data array...
2025-12-20 15:14:26 - Settings page accessed
Getting setting info...
Getting company info...
Building data array...
2025-12-20 15:14:42 - Settings page accessed
2025-12-20 15:17:43 - Settings page accessed
Getting setting info...
Getting company info...
Building data array...
2025-12-20 15:21:34 - Settings page accessed
Getting setting info...
Getting company info...
Building data array...
Title set.
Setting company info...
Company info set.
Setting general settings...
General settings set.
Fetching countries...
Countries fetched.
2025-12-20 15:21:48 - Settings page accessed
Getting setting info...
Getting company info...
Building data array...
Title set.
Setting company info...
Company info set.
Setting general settings...
General settings set.
Fetching countries...
Countries fetched.
2025-12-20 15:25:00 - Settings page accessed
Getting setting info...
Getting company info...
Building data array...
Title set.
Setting company info...
Company info set.
Setting general settings...
General settings set.
Fetching countries...
Countries fetched.
Loading settings view...
2025-12-20 15:25:03 - Settings page accessed
Getting setting info...
Getting company info...
Building data array...
Title set.
Setting company info...
Company info set.
Setting general settings...
General settings set.
Fetching countries...
Countries fetched.
Loading settings view...
2025-12-20 15:29:02 - Settings page accessed
Getting setting info...
Getting company info...
Building data array...
Title set.
Setting company info...
Company info set.
Setting general settings...
General settings set.
Fetching countries...
Countries fetched.
Loading settings view...
2025-12-20 15:29:05 - Settings page accessed
Getting setting info...
Getting company info...
Building data array...
Title set.
Setting company info...
Company info set.
Setting general settings...
General settings set.
Fetching countries...
Countries fetched.
Loading settings view...
2025-12-20 15:29:15 - Settings page accessed
Getting setting info...
Getting company info...
Building data array...
Title set.
Setting company info...
Company info set.
Setting general settings...
General settings set.
Fetching countries...
Countries fetched.
Loading settings view...
2025-12-20 15:31:10 - Settings page accessed
Getting setting info...
Getting company info...
Building data array...
Title set.
Setting company info...
Company info set.
Setting general settings...
General settings set.
Fetching countries...
Countries fetched.
Loading settings view...
ERROR: Call to undefined method xin_model::get_currencies()
TRACE: #0 D:\xampp\htdocs\hrm\application\third_party\MX\Loader.php(362): include()
#1 D:\xampp\htdocs\hrm\application\third_party\MX\Loader.php(304): MX_Loader->_ci_load(Array)
#2 D:\xampp\htdocs\hrm\application\controllers\Settings.php(130): MX_Loader->view('settings/settin...', Array, true)
#3 D:\xampp\htdocs\hrm\system\core\CodeIgniter.php(533): Settings->index()
#4 D:\xampp\htdocs\hrm\index.php(266): require_once('D:\\xampp\\htdocs...')
#5 {main}
2025-12-20 15:31:43 - Settings page accessed
Getting setting info...
Getting company info...
Building data array...
Title set.
Setting company info...
Company info set.
Setting general settings...
General settings set.
Fetching countries...
Countries fetched.
Loading settings view...
ERROR: Call to undefined method xin_model::get_currencies()
TRACE: #0 D:\xampp\htdocs\hrm\application\third_party\MX\Loader.php(362): include()
#1 D:\xampp\htdocs\hrm\application\third_party\MX\Loader.php(304): MX_Loader->_ci_load(Array)
#2 D:\xampp\htdocs\hrm\application\controllers\Settings.php(130): MX_Loader->view('settings/settin...', Array, true)
#3 D:\xampp\htdocs\hrm\system\core\CodeIgniter.php(533): Settings->index()
#4 D:\xampp\htdocs\hrm\index.php(266): require_once('D:\\xampp\\htdocs...')
#5 {main}
2025-12-20 15:35:28 - Settings page accessed
Getting setting info...
Getting company info...
Building data array...
Title set.
Setting company info...
Company info set.
Setting general settings...
General settings set.
Fetching countries...
Countries fetched.
Loading settings view...
ERROR: Call to undefined method xin_model::get_currencies()
TRACE: #0 D:\xampp\htdocs\hrm\application\third_party\MX\Loader.php(362): include()
#1 D:\xampp\htdocs\hrm\application\third_party\MX\Loader.php(304): MX_Loader->_ci_load(Array)
#2 D:\xampp\htdocs\hrm\application\controllers\Settings.php(130): MX_Loader->view('settings/settin...', Array, true)
#3 D:\xampp\htdocs\hrm\system\core\CodeIgniter.php(533): Settings->index()
#4 D:\xampp\htdocs\hrm\index.php(266): require_once('D:\\xampp\\htdocs...')
#5 {main}
